2024-04-17 20:05:36.467 [info] Log level: Info
2024-04-17 20:05:36.467 [info] Validating found git in: "git"
2024-04-17 20:05:36.467 [info] Using git "2.34.1" from "git"
2024-04-17 20:10:16.397 [info] > git rev-parse --show-toplevel [11ms]
2024-04-17 20:10:16.397 [info] fatal: not a git repository (or any of the parent directories): .git
2024-04-17 21:02:16.939 [info] > git rev-parse --show-toplevel [1ms]
2024-04-17 21:02:23.773 [info] > git rev-parse --show-toplevel [0ms]
2024-04-17 21:02:23.777 [info] > git rev-parse --git-dir --git-common-dir [0ms]
2024-04-17 21:02:23.786 [info] Open repository: /home/ogsmonk
2024-04-17 21:02:23.795 [info] > git config --get commit.template [4ms]
2024-04-17 21:02:23.796 [info] No remotes found in the git config file.
2024-04-17 21:02:23.796 [info] > git for-each-ref --format=%(refname)%00%(upstream:short)%00%(objectname)%00%(upstream:track)%00%(upstream:remotename)%00%(upstream:remoteref) refs/heads/main refs/remotes/main [2ms]
2024-04-17 21:02:23.796 [warning] No such branch: main.
2024-04-17 21:02:23.819 [info] > git status -z -uall [19ms]
2024-04-17 21:02:23.846 [info] > git config --get commit.template [2ms]
2024-04-17 21:02:23.851 [info] No remotes found in the git config file.
2024-04-17 21:02:23.852 [info] > git for-each-ref --format=%(refname)%00%(upstream:short)%00%(objectname)%00%(upstream:track)%00%(upstream:remotename)%00%(upstream:remoteref) refs/heads/main refs/remotes/main [2ms]
2024-04-17 21:02:23.852 [warning] No such branch: main.
2024-04-17 21:02:23.864 [info] > git status -z -uall [7ms]
2024-04-17 21:02:24.245 [info] > git show --textconv :gemfile1 [3ms]
2024-04-17 21:02:24.246 [info] > git ls-files --stage -- /home/ogsmonk/gemfile1 [1ms]
2024-04-17 21:02:24.308 [info] > git check-ignore -v -z --stdin [0ms]
2024-04-17 21:02:31.119 [info] > git show --textconv :gemfile1 [3ms]
2024-04-17 21:02:31.120 [info] > git ls-files --stage -- /home/ogsmonk/gemfile1 [1ms]
2024-04-17 21:05:07.644 [info] > git show --textconv :gemfile1 [4ms]
2024-04-17 21:05:07.644 [info] > git ls-files --stage -- /home/ogsmonk/gemfile1 [1ms]
2024-04-17 21:05:31.111 [info] > git show --textconv :gemfile1 [3ms]
2024-04-17 21:05:31.112 [info] > git ls-files --stage -- /home/ogsmonk/gemfile1 [1ms]
2024-04-17 21:05:36.459 [info] > git show --textconv :gemfile1 [3ms]
2024-04-17 21:05:36.460 [info] > git ls-files --stage -- /home/ogsmonk/gemfile1 [1ms]
2024-04-17 21:09:15.898 [info] > git config --get commit.template [3ms]
2024-04-17 21:09:15.898 [info] No remotes found in the git config file.
2024-04-17 21:09:15.898 [info] > git for-each-ref --format=%(refname)%00%(upstream:short)%00%(objectname)%00%(upstream:track)%00%(upstream:remotename)%00%(upstream:remoteref) refs/heads/main refs/remotes/main [1ms]
2024-04-17 21:09:15.898 [warning] No such branch: main.
2024-04-17 21:09:15.907 [info] > git status -z -uall [7ms]
2024-04-17 21:09:20.929 [info] No remotes found in the git config file.
2024-04-17 21:09:20.930 [info] > git config --get commit.template [3ms]
2024-04-17 21:09:20.930 [info] > git for-each-ref --format=%(refname)%00%(upstream:short)%00%(objectname)%00%(upstream:track)%00%(upstream:remotename)%00%(upstream:remoteref) refs/heads/main refs/remotes/main [1ms]
2024-04-17 21:09:20.930 [warning] No such branch: main.
2024-04-17 21:09:20.938 [info] > git status -z -uall [6ms]
2024-04-17 21:09:25.954 [info] No remotes found in the git config file.
2024-04-17 21:09:25.960 [info] > git config --get commit.template [6ms]
2024-04-17 21:09:25.960 [info] > git for-each-ref --format=%(refname)%00%(upstream:short)%00%(objectname)%00%(upstream:track)%00%(upstream:remotename)%00%(upstream:remoteref) refs/heads/main refs/remotes/main [1ms]
2024-04-17 21:09:25.961 [warning] No such branch: main.
2024-04-17 21:09:25.971 [info] > git status -z -uall [7ms]
2024-04-17 21:09:34.339 [info] No remotes found in the git config file.
2024-04-17 21:09:34.340 [info] > git config --get commit.template [8ms]
2024-04-17 21:09:34.340 [info] > git for-each-ref --format=%(refname)%00%(upstream:short)%00%(objectname)%00%(upstream:track)%00%(upstream:remotename)%00%(upstream:remoteref) refs/heads/main refs/remotes/main [2ms]
2024-04-17 21:09:34.340 [warning] No such branch: main.
2024-04-17 21:09:34.355 [info] > git status -z -uall [7ms]
2024-04-17 21:09:39.382 [info] > git config --get commit.template [6ms]
2024-04-17 21:09:39.382 [info] No remotes found in the git config file.
2024-04-17 21:09:39.382 [info] > git for-each-ref --format=%(refname)%00%(upstream:short)%00%(objectname)%00%(upstream:track)%00%(upstream:remotename)%00%(upstream:remoteref) refs/heads/main refs/remotes/main [1ms]
2024-04-17 21:09:39.382 [warning] No such branch: main.
2024-04-17 21:09:39.393 [info] > git status -z -uall [6ms]
2024-04-17 21:09:44.421 [info] > git config --get commit.template [8ms]
2024-04-17 21:09:44.421 [info] No remotes found in the git config file.
2024-04-17 21:09:44.422 [info] > git for-each-ref --format=%(refname)%00%(upstream:short)%00%(objectname)%00%(upstream:track)%00%(upstream:remotename)%00%(upstream:remoteref) refs/heads/main refs/remotes/main [2ms]
2024-04-17 21:09:44.422 [warning] No such branch: main.
2024-04-17 21:09:44.437 [info] > git status -z -uall [8ms]
2024-04-17 21:09:49.461 [info] > git config --get commit.template [1ms]
2024-04-17 21:09:49.467 [info] No remotes found in the git config file.
2024-04-17 21:09:49.467 [info] > git for-each-ref --format=%(refname)%00%(upstream:short)%00%(objectname)%00%(upstream:track)%00%(upstream:remotename)%00%(upstream:remoteref) refs/heads/main refs/remotes/main [0ms]
2024-04-17 21:09:49.467 [warning] No such branch: main.
2024-04-17 21:09:49.478 [info] > git status -z -uall [6ms]
2024-04-17 21:09:54.504 [info] > git config --get commit.template [1ms]
2024-04-17 21:09:54.513 [info] No remotes found in the git config file.
2024-04-17 21:09:54.516 [info] > git for-each-ref --format=%(refname)%00%(upstream:short)%00%(objectname)%00%(upstream:track)%00%(upstream:remotename)%00%(upstream:remoteref) refs/heads/main refs/remotes/main [3ms]
2024-04-17 21:09:54.516 [warning] No such branch: main.
2024-04-17 21:09:54.531 [info] > git status -z -uall [7ms]
2024-04-17 21:09:59.553 [info] > git config --get commit.template [1ms]
2024-04-17 21:09:59.559 [info] No remotes found in the git config file.
2024-04-17 21:09:59.559 [info] > git for-each-ref --format=%(refname)%00%(upstream:short)%00%(objectname)%00%(upstream:track)%00%(upstream:remotename)%00%(upstream:remoteref) refs/heads/main refs/remotes/main [1ms]
2024-04-17 21:09:59.559 [warning] No such branch: main.
2024-04-17 21:09:59.572 [info] > git status -z -uall [8ms]
2024-04-17 21:10:04.594 [info] > git config --get commit.template [1ms]
2024-04-17 21:10:04.599 [info] No remotes found in the git config file.
2024-04-17 21:10:04.600 [info] > git for-each-ref --format=%(refname)%00%(upstream:short)%00%(objectname)%00%(upstream:track)%00%(upstream:remotename)%00%(upstream:remoteref) refs/heads/main refs/remotes/main [0ms]
2024-04-17 21:10:04.600 [warning] No such branch: main.
2024-04-17 21:10:04.612 [info] > git status -z -uall [7ms]
2024-04-17 21:10:09.633 [info] > git config --get commit.template [1ms]
2024-04-17 21:10:09.638 [info] No remotes found in the git config file.
2024-04-17 21:10:09.639 [info] > git for-each-ref --format=%(refname)%00%(upstream:short)%00%(objectname)%00%(upstream:track)%00%(upstream:remotename)%00%(upstream:remoteref) refs/heads/main refs/remotes/main [1ms]
2024-04-17 21:10:09.639 [warning] No such branch: main.
2024-04-17 21:10:09.650 [info] > git status -z -uall [6ms]
2024-04-17 21:10:14.670 [info] > git config --get commit.template [1ms]
2024-04-17 21:10:14.678 [info] No remotes found in the git config file.
2024-04-17 21:10:14.679 [info] > git for-each-ref --format=%(refname)%00%(upstream:short)%00%(objectname)%00%(upstream:track)%00%(upstream:remotename)%00%(upstream:remoteref) refs/heads/main refs/remotes/main [1ms]
2024-04-17 21:10:14.679 [warning] No such branch: main.
2024-04-17 21:10:14.693 [info] > git status -z -uall [7ms]
2024-04-17 21:10:19.713 [info] > git config --get commit.template [0ms]
2024-04-17 21:10:19.719 [info] No remotes found in the git config file.
2024-04-17 21:10:19.720 [info] > git for-each-ref --format=%(refname)%00%(upstream:short)%00%(objectname)%00%(upstream:track)%00%(upstream:remotename)%00%(upstream:remoteref) refs/heads/main refs/remotes/main [1ms]
2024-04-17 21:10:19.720 [warning] No such branch: main.
2024-04-17 21:10:19.731 [info] > git status -z -uall [6ms]
2024-04-17 21:10:24.755 [info] > git config --get commit.template [0ms]
2024-04-17 21:10:24.763 [info] No remotes found in the git config file.
2024-04-17 21:10:24.764 [info] > git for-each-ref --format=%(refname)%00%(upstream:short)%00%(objectname)%00%(upstream:track)%00%(upstream:remotename)%00%(upstream:remoteref) refs/heads/main refs/remotes/main [1ms]
2024-04-17 21:10:24.764 [warning] No such branch: main.
2024-04-17 21:10:24.778 [info] > git status -z -uall [7ms]
2024-04-17 21:10:29.800 [info] > git config --get commit.template [1ms]
2024-04-17 21:10:29.806 [info] No remotes found in the git config file.
2024-04-17 21:10:29.807 [info] > git for-each-ref --format=%(refname)%00%(upstream:short)%00%(objectname)%00%(upstream:track)%00%(upstream:remotename)%00%(upstream:remoteref) refs/heads/main refs/remotes/main [1ms]
2024-04-17 21:10:29.807 [warning] No such branch: main.
2024-04-17 21:10:29.820 [info] > git status -z -uall [8ms]
2024-04-17 21:10:34.840 [info] > git config --get commit.template [1ms]
2024-04-17 21:10:34.846 [info] No remotes found in the git config file.
2024-04-17 21:10:34.846 [info] > git for-each-ref --format=%(refname)%00%(upstream:short)%00%(objectname)%00%(upstream:track)%00%(upstream:remotename)%00%(upstream:remoteref) refs/heads/main refs/remotes/main [0ms]
2024-04-17 21:10:34.846 [warning] No such branch: main.
2024-04-17 21:10:34.858 [info] > git status -z -uall [6ms]
2024-04-17 21:10:39.878 [info] > git config --get commit.template [1ms]
2024-04-17 21:10:39.885 [info] No remotes found in the git config file.
2024-04-17 21:10:39.885 [info] > git for-each-ref --format=%(refname)%00%(upstream:short)%00%(objectname)%00%(upstream:track)%00%(upstream:remotename)%00%(upstream:remoteref) refs/heads/main refs/remotes/main [1ms]
2024-04-17 21:10:39.885 [warning] No such branch: main.
2024-04-17 21:10:39.896 [info] > git status -z -uall [6ms]
2024-04-17 21:10:49.706 [info] > git config --get commit.template [1ms]
2024-04-17 21:10:49.718 [info] No remotes found in the git config file.
2024-04-17 21:10:49.719 [info] > git for-each-ref --format=%(refname)%00%(upstream:short)%00%(objectname)%00%(upstream:track)%00%(upstream:remotename)%00%(upstream:remoteref) refs/heads/main refs/remotes/main [2ms]
2024-04-17 21:10:49.719 [warning] No such branch: main.
2024-04-17 21:10:49.735 [info] > git status -z -uall [6ms]
2024-04-17 21:11:03.575 [info] No remotes found in the git config file.
2024-04-17 21:11:03.582 [info] > git config --get commit.template [8ms]
2024-04-17 21:11:03.582 [info] > git for-each-ref --format=%(refname)%00%(upstream:short)%00%(objectname)%00%(upstream:track)%00%(upstream:remotename)%00%(upstream:remoteref) refs/heads/main refs/remotes/main [1ms]
2024-04-17 21:11:03.583 [warning] No such branch: main.
2024-04-17 21:11:03.597 [info] > git status -z -uall [7ms]
2024-04-17 21:11:08.628 [info] No remotes found in the git config file.
2024-04-17 21:11:08.628 [info] > git config --get commit.template [6ms]
2024-04-17 21:11:08.629 [info] > git for-each-ref --format=%(refname)%00%(upstream:short)%00%(objectname)%00%(upstream:track)%00%(upstream:remotename)%00%(upstream:remoteref) refs/heads/main refs/remotes/main [1ms]
2024-04-17 21:11:08.629 [warning] No such branch: main.
2024-04-17 21:11:08.641 [info] > git status -z -uall [7ms]
2024-04-17 21:11:13.663 [info] > git config --get commit.template [0ms]
2024-04-17 21:11:13.670 [info] No remotes found in the git config file.
2024-04-17 21:11:13.670 [info] > git for-each-ref --format=%(refname)%00%(upstream:short)%00%(objectname)%00%(upstream:track)%00%(upstream:remotename)%00%(upstream:remoteref) refs/heads/main refs/remotes/main [0ms]
2024-04-17 21:11:13.671 [warning] No such branch: main.
2024-04-17 21:11:13.682 [info] > git status -z -uall [7ms]
2024-04-17 21:11:20.970 [info] > git config --get commit.template [1ms]
2024-04-17 21:11:20.971 [info] No remotes found in the git config file.
2024-04-17 21:11:20.981 [info] > git for-each-ref --format=%(refname)%00%(upstream:short)%00%(objectname)%00%(upstream:track)%00%(upstream:remotename)%00%(upstream:remoteref) refs/heads/main refs/remotes/main [1ms]
2024-04-17 21:11:20.981 [warning] No such branch: main.
2024-04-17 21:11:20.998 [info] > git status -z -uall [8ms]
