2024-04-17 21:35:59.970 [info] Log level: Info
2024-04-17 21:35:59.970 [info] Validating found git in: "git"
2024-04-17 21:35:59.970 [info] Using git "2.34.1" from "git"
2024-04-17 21:35:59.970 [info] > git rev-parse --show-toplevel [1ms]
2024-04-17 21:35:59.970 [info] > git rev-parse --git-dir --git-common-dir [1ms]
2024-04-17 21:35:59.970 [info] Open repository: /home/ogsmonk/myapp
2024-04-17 21:35:59.970 [info] > git config --get commit.template [5ms]
2024-04-17 21:35:59.970 [info] > git rev-parse --show-toplevel [3ms]
2024-04-17 21:35:59.970 [info] No remotes found in the git config file.
2024-04-17 21:35:59.970 [info] > git for-each-ref --format=%(refname)%00%(upstream:short)%00%(objectname)%00%(upstream:track)%00%(upstream:remotename)%00%(upstream:remoteref) refs/heads/main refs/remotes/main [6ms]
2024-04-17 21:35:59.970 [warning] No such branch: main.
2024-04-17 21:35:59.970 [info] > git rev-parse --show-toplevel [7ms]
2024-04-17 21:35:59.971 [info] > git status -z -uall [2ms]
2024-04-17 21:35:59.988 [info] > git rev-parse --show-toplevel [5ms]
2024-04-17 21:35:59.989 [info] > git config --get commit.template [1ms]
2024-04-17 21:35:59.996 [info] No remotes found in the git config file.
2024-04-17 21:35:59.997 [info] > git rev-parse --show-toplevel [5ms]
2024-04-17 21:35:59.997 [info] > git for-each-ref --format=%(refname)%00%(upstream:short)%00%(objectname)%00%(upstream:track)%00%(upstream:remotename)%00%(upstream:remoteref) refs/heads/main refs/remotes/main [1ms]
2024-04-17 21:35:59.997 [warning] No such branch: main.
2024-04-17 21:36:00.006 [info] > git status -z -uall [6ms]
2024-04-17 21:36:00.010 [info] > git rev-parse --show-toplevel [5ms]
2024-04-17 21:36:00.018 [info] > git rev-parse --show-toplevel [1ms]
2024-04-17 21:36:00.023 [info] > git rev-parse --show-toplevel [1ms]
2024-04-17 21:36:00.028 [info] > git rev-parse --show-toplevel [1ms]
2024-04-17 21:36:00.032 [info] > git rev-parse --show-toplevel [1ms]
2024-04-17 21:36:00.068 [info] > git rev-parse --show-toplevel [31ms]
2024-04-17 21:36:00.073 [info] > git rev-parse --show-toplevel [1ms]
2024-04-17 21:36:00.077 [info] > git rev-parse --show-toplevel [1ms]
2024-04-17 21:36:00.374 [info] > git show --textconv :app/views/layouts/application.html.erb [2ms]
2024-04-17 21:36:00.375 [info] > git ls-files --stage -- /home/ogsmonk/myapp/app/views/layouts/application.html.erb [1ms]
2024-04-17 21:36:00.571 [info] > git check-ignore -v -z --stdin [1ms]
2024-04-17 21:36:18.553 [info] > git show --textconv :app/views/layouts/mailer.text.erb [8ms]
2024-04-17 21:36:18.554 [info] > git ls-files --stage -- /home/ogsmonk/myapp/app/views/layouts/mailer.text.erb [2ms]
2024-04-17 21:36:19.744 [info] > git show --textconv :app/views/layouts/mailer.html.erb [9ms]
2024-04-17 21:36:19.745 [info] > git ls-files --stage -- /home/ogsmonk/myapp/app/views/layouts/mailer.html.erb [2ms]
2024-04-17 21:36:21.700 [info] > git check-ignore -v -z --stdin [1ms]
2024-04-17 21:36:22.686 [info] > git show --textconv :app/views/home/index.html.erb [9ms]
2024-04-17 21:36:22.688 [info] > git ls-files --stage -- /home/ogsmonk/myapp/app/views/home/index.html.erb [2ms]
2024-04-17 21:36:31.449 [info] > git show --textconv :config/routes.rb [13ms]
2024-04-17 21:36:31.449 [info] > git ls-files --stage -- /home/ogsmonk/myapp/config/routes.rb [2ms]
2024-04-17 21:36:33.077 [info] > git show --textconv :app/views/home/index.html.erb [10ms]
2024-04-17 21:36:33.078 [info] > git ls-files --stage -- /home/ogsmonk/myapp/app/views/home/index.html.erb [2ms]
2024-04-17 21:36:33.625 [info] > git show --textconv :app/views/layouts/mailer.html.erb [7ms]
2024-04-17 21:36:33.626 [info] > git ls-files --stage -- /home/ogsmonk/myapp/app/views/layouts/mailer.html.erb [1ms]
2024-04-17 21:37:08.604 [info] > git config --get commit.template [1ms]
2024-04-17 21:37:08.613 [info] No remotes found in the git config file.
2024-04-17 21:37:08.613 [info] > git for-each-ref --format=%(refname)%00%(upstream:short)%00%(objectname)%00%(upstream:track)%00%(upstream:remotename)%00%(upstream:remoteref) refs/heads/main refs/remotes/main [1ms]
2024-04-17 21:37:08.613 [warning] No such branch: main.
2024-04-17 21:37:08.624 [info] > git status -z -uall [1ms]
2024-04-17 21:37:17.711 [info] > git show --textconv :app/views/home/index.html.erb [7ms]
2024-04-17 21:37:17.711 [info] > git ls-files --stage -- /home/ogsmonk/myapp/app/views/home/index.html.erb [0ms]
2024-04-17 21:37:32.703 [info] > git show --textconv :config/routes.rb [9ms]
2024-04-17 21:37:32.704 [info] > git ls-files --stage -- /home/ogsmonk/myapp/config/routes.rb [2ms]
2024-04-17 21:37:33.023 [info] > git check-ignore -v -z --stdin [0ms]
2024-04-17 21:37:36.190 [info] > git show --textconv :app/views/home/index.html.erb [7ms]
2024-04-17 21:37:36.190 [info] > git ls-files --stage -- /home/ogsmonk/myapp/app/views/home/index.html.erb [1ms]
2024-04-17 21:37:39.791 [info] > git show --textconv :app/views/layouts/mailer.html.erb [7ms]
2024-04-17 21:37:39.792 [info] > git ls-files --stage -- /home/ogsmonk/myapp/app/views/layouts/mailer.html.erb [2ms]
2024-04-17 21:37:40.658 [info] > git show --textconv :app/views/home/index.html.erb [7ms]
2024-04-17 21:37:40.658 [info] > git ls-files --stage -- /home/ogsmonk/myapp/app/views/home/index.html.erb [1ms]
