0 verbose cli /home/ogsmonk/.asdf/installs/nodejs/20.11.0/bin/node /home/ogsmonk/.asdf/installs/nodejs/20.11.0/bin/npm
1 info using npm@10.2.4
2 info using node@v20.11.0
3 timing npm:load:whichnode Completed in 1ms
4 timing config:load:defaults Completed in 1ms
5 timing config:load:file:/home/ogsmonk/.asdf/installs/nodejs/20.11.0/lib/node_modules/npm/npmrc Completed in 0ms
6 timing config:load:builtin Completed in 1ms
7 timing config:load:cli Completed in 1ms
8 timing config:load:env Completed in 0ms
9 timing config:load:project Completed in 2ms
10 timing config:load:file:/home/ogsmonk/.npmrc Completed in 0ms
11 timing config:load:user Completed in 0ms
12 timing config:load:file:/home/ogsmonk/.asdf/installs/nodejs/20.11.0/etc/npmrc Completed in 0ms
13 timing config:load:global Completed in 0ms
14 timing config:load:setEnvs Completed in 1ms
15 timing config:load Completed in 7ms
16 timing npm:load:configload Completed in 7ms
17 timing config:load:flatten Completed in 1ms
18 timing npm:load:mkdirpcache Completed in 1ms
19 timing npm:load:mkdirplogs Completed in 0ms
20 verbose title npm install npm@10.5.2
21 verbose argv "install" "--global" "npm@10.5.2"
22 timing npm:load:setTitle Completed in 1ms
23 timing npm:load:display Completed in 0ms
24 verbose logfile logs-max:10 dir:/home/ogsmonk/.npm/_logs/2024-04-17T18_09_28_916Z-
25 verbose logfile /home/ogsmonk/.npm/_logs/2024-04-17T18_09_28_916Z-debug-0.log
26 timing npm:load:logFile Completed in 4ms
27 timing npm:load:timers Completed in 0ms
28 timing npm:load:configScope Completed in 0ms
29 timing npm:load Completed in 23ms
30 timing config:load:flatten Completed in 1ms
31 silly logfile done cleaning log files
32 http fetch GET 200 https://registry.npmjs.org/npm 15ms (cache hit)
33 timing arborist:ctor Completed in 0ms
34 timing idealTree:init Completed in 2ms
35 timing idealTree:userRequests Completed in 0ms
36 silly idealTree buildDeps
37 silly fetch manifest npm@10.5.2
38 http fetch GET 200 https://registry.npmjs.org/npm 5ms (cache hit)
39 silly placeDep ROOT npm@10.5.2 OK for:  want: 10.5.2
40 timing idealTree:#root Completed in 20ms
41 timing idealTree:node_modules/npm Completed in 0ms
42 timing idealTree:buildDeps Completed in 21ms
43 timing idealTree:fixDepFlags Completed in 0ms
44 timing idealTree Completed in 26ms
45 timing reify:loadTrees Completed in 84ms
46 timing reify:diffTrees Completed in 3ms
47 silly reify mark retired [
47 silly reify   '/home/ogsmonk/.asdf/installs/nodejs/20.11.0/lib/node_modules/npm',
47 silly reify   '/home/ogsmonk/.asdf/installs/nodejs/20.11.0/bin/npm',
47 silly reify   '/home/ogsmonk/.asdf/installs/nodejs/20.11.0/bin/npx'
47 silly reify ]
48 silly reify moves {
48 silly reify   '/home/ogsmonk/.asdf/installs/nodejs/20.11.0/lib/node_modules/npm': '/home/ogsmonk/.asdf/installs/nodejs/20.11.0/lib/node_modules/.npm-davQxLUY',
48 silly reify   '/home/ogsmonk/.asdf/installs/nodejs/20.11.0/bin/npm': '/home/ogsmonk/.asdf/installs/nodejs/20.11.0/bin/.npm-lw8FDHMd',
48 silly reify   '/home/ogsmonk/.asdf/installs/nodejs/20.11.0/bin/npx': '/home/ogsmonk/.asdf/installs/nodejs/20.11.0/bin/.npx-6OEScWhk'
48 silly reify }
49 timing reify:retireShallow Completed in 2ms
50 timing reify:createSparse Completed in 0ms
51 silly tarball no local data for npm@https://registry.npmjs.org/npm/-/npm-10.5.2.tgz. Extracting by manifest.
52 http fetch GET 200 https://registry.npmjs.org/npm/-/npm-10.5.2.tgz 962ms (cache miss)
53 timing reifyNode:node_modules/npm Completed in 966ms
54 timing arborist:ctor Completed in 0ms
55 timing reify:diffTrees Completed in 3ms
56 timing reify:loadBundles Completed in 1065ms
57 timing reify:unpack Completed in 1ms
58 timing reify:unretire Completed in 0ms
59 timing build:queue Completed in 4ms
60 timing build:link:node_modules/npm/node_modules/@npmcli/arborist Completed in 2ms
61 timing build:link:node_modules/npm/node_modules/cross-spawn/node_modules/which Completed in 2ms
62 timing build:link:node_modules/npm/node_modules/@npmcli/installed-package-contents Completed in 2ms
63 timing build:link:node_modules/npm Completed in 2ms
64 timing build:link:node_modules/npm/node_modules/cssesc Completed in 2ms
65 timing build:link:node_modules/npm/node_modules/color-support Completed in 2ms
66 timing build:link:node_modules/npm/node_modules/nopt Completed in 2ms
67 timing build:link:node_modules/npm/node_modules/mkdirp Completed in 3ms
68 timing build:link:node_modules/npm/node_modules/node-gyp Completed in 3ms
69 timing build:link:node_modules/npm/node_modules/glob Completed in 3ms
70 timing build:link:node_modules/npm/node_modules/pacote Completed in 3ms
71 timing build:link:node_modules/npm/node_modules/which Completed in 3ms
72 timing build:link:node_modules/npm/node_modules/semver Completed in 3ms
73 timing build:link:node_modules/npm/node_modules/qrcode-terminal Completed in 3ms
74 timing build:link Completed in 3ms
75 timing build:deps Completed in 8ms
76 timing build Completed in 8ms
77 timing reify:build Completed in 9ms
78 timing reify:trash Completed in 41ms
79 timing reify Completed in 1207ms
80 silly CHANGE node_modules/npm
81 silly CHANGE node_modules/npm/node_modules/@sigstore/tuf
82 silly CHANGE node_modules/npm/node_modules/@sigstore/sign
83 silly CHANGE node_modules/npm/node_modules/@sigstore/protobuf-specs
84 silly CHANGE node_modules/npm/node_modules/@sigstore/bundle
85 silly CHANGE node_modules/npm/node_modules/@npmcli/run-script
86 silly CHANGE node_modules/npm/node_modules/@npmcli/query
87 silly CHANGE node_modules/npm/node_modules/@npmcli/promise-spawn
88 silly CHANGE node_modules/npm/node_modules/@npmcli/package-json
89 silly CHANGE node_modules/npm/node_modules/@npmcli/map-workspaces
90 silly CHANGE node_modules/npm/node_modules/@npmcli/installed-package-contents
91 silly CHANGE node_modules/npm/node_modules/@npmcli/git
92 silly CHANGE node_modules/npm/node_modules/@npmcli/config
93 silly CHANGE node_modules/npm/node_modules/@npmcli/arborist
94 silly CHANGE node_modules/npm/node_modules/@npmcli/agent
95 silly REMOVE node_modules/npm/node_modules/wrap-ansi-cjs/node_modules/strip-ansi
96 silly REMOVE node_modules/npm/node_modules/wrap-ansi-cjs/node_modules/ansi-regex
97 silly CHANGE node_modules/npm/node_modules/which
98 silly CHANGE node_modules/npm/node_modules/tuf-js
99 silly CHANGE node_modules/npm/node_modules/tar
100 silly REMOVE node_modules/npm/node_modules/strip-ansi-cjs/node_modules/ansi-regex
101 silly CHANGE node_modules/npm/node_modules/strip-ansi
102 silly REMOVE node_modules/npm/node_modules/string_decoder
103 silly REMOVE node_modules/npm/node_modules/string-width-cjs/node_modules/strip-ansi
104 silly REMOVE node_modules/npm/node_modules/string-width-cjs/node_modules/ansi-regex
105 silly REMOVE node_modules/npm/node_modules/string-width/node_modules/strip-ansi
106 silly REMOVE node_modules/npm/node_modules/string-width/node_modules/ansi-regex
107 silly CHANGE node_modules/npm/node_modules/spdx-license-ids
108 silly CHANGE node_modules/npm/node_modules/spdx-expression-parse
109 silly CHANGE node_modules/npm/node_modules/spdx-exceptions
110 silly CHANGE node_modules/npm/node_modules/socks-proxy-agent
111 silly CHANGE node_modules/npm/node_modules/socks
112 silly CHANGE node_modules/npm/node_modules/sigstore
113 silly CHANGE node_modules/npm/node_modules/semver
114 silly REMOVE node_modules/npm/node_modules/safe-buffer
115 silly REMOVE node_modules/npm/node_modules/readable-stream
116 silly CHANGE node_modules/npm/node_modules/read
117 silly CHANGE node_modules/npm/node_modules/qrcode-terminal
118 silly CHANGE node_modules/npm/node_modules/promzard
119 silly CHANGE node_modules/npm/node_modules/promise-call-limit
120 silly REMOVE node_modules/npm/node_modules/process
121 silly CHANGE node_modules/npm/node_modules/postcss-selector-parser
122 silly CHANGE node_modules/npm/node_modules/path-scurry
123 silly CHANGE node_modules/npm/node_modules/pacote
124 silly CHANGE node_modules/npm/node_modules/npm-registry-fetch
125 silly CHANGE node_modules/npm/node_modules/npm-packlist
126 silly CHANGE node_modules/npm/node_modules/nopt
127 silly CHANGE node_modules/npm/node_modules/node-gyp
128 silly CHANGE node_modules/npm/node_modules/mkdirp
129 silly CHANGE node_modules/npm/node_modules/minipass-collect
130 silly REMOVE node_modules/npm/node_modules/minipass-collect/node_modules/minipass
131 silly CHANGE node_modules/npm/node_modules/minimatch
132 silly CHANGE node_modules/npm/node_modules/lru-cache
133 silly CHANGE node_modules/npm/node_modules/libnpmversion
134 silly CHANGE node_modules/npm/node_modules/libnpmteam
135 silly CHANGE node_modules/npm/node_modules/libnpmsearch
136 silly CHANGE node_modules/npm/node_modules/libnpmpublish
137 silly CHANGE node_modules/npm/node_modules/libnpmpack
138 silly CHANGE node_modules/npm/node_modules/libnpmorg
139 silly CHANGE node_modules/npm/node_modules/libnpmfund
140 silly CHANGE node_modules/npm/node_modules/libnpmhook
141 silly CHANGE node_modules/npm/node_modules/libnpmexec
142 silly CHANGE node_modules/npm/node_modules/libnpmdiff
143 silly CHANGE node_modules/npm/node_modules/libnpmaccess
144 silly CHANGE node_modules/npm/node_modules/json-parse-even-better-errors
145 silly CHANGE node_modules/npm/node_modules/is-cidr
146 silly REMOVE node_modules/npm/node_modules/ip
147 silly CHANGE node_modules/npm/node_modules/init-package-json
148 silly CHANGE node_modules/npm/node_modules/ini
149 silly CHANGE node_modules/npm/node_modules/ignore-walk
150 silly REMOVE node_modules/npm/node_modules/ieee754
151 silly CHANGE node_modules/npm/node_modules/https-proxy-agent
152 silly CHANGE node_modules/npm/node_modules/http-proxy-agent
153 silly CHANGE node_modules/npm/node_modules/hasown
154 silly CHANGE node_modules/npm/node_modules/glob
155 silly REMOVE node_modules/npm/node_modules/gauge/node_modules/strip-ansi
156 silly REMOVE node_modules/npm/node_modules/gauge/node_modules/ansi-regex
157 silly REMOVE node_modules/npm/node_modules/events
158 silly REMOVE node_modules/npm/node_modules/event-target-shim
159 silly CHANGE node_modules/npm/node_modules/diff
160 silly REMOVE node_modules/npm/node_modules/delegates
161 silly CHANGE node_modules/npm/node_modules/cssesc
162 silly CHANGE node_modules/npm/node_modules/cross-spawn/node_modules/which
163 silly REMOVE node_modules/npm/node_modules/columnify/node_modules/strip-ansi
164 silly REMOVE node_modules/npm/node_modules/columnify/node_modules/ansi-regex
165 silly CHANGE node_modules/npm/node_modules/color-support
166 silly CHANGE node_modules/npm/node_modules/cli-table3
167 silly REMOVE node_modules/npm/node_modules/cli-columns/node_modules/strip-ansi
168 silly REMOVE node_modules/npm/node_modules/cli-columns/node_modules/ansi-regex
169 silly CHANGE node_modules/npm/node_modules/cidr-regex
170 silly CHANGE node_modules/npm/node_modules/cacache
171 silly CHANGE node_modules/npm/node_modules/builtins
172 silly REMOVE node_modules/npm/node_modules/buffer
173 silly CHANGE node_modules/npm/node_modules/binary-extensions
174 silly REMOVE node_modules/npm/node_modules/base64-js
175 silly CHANGE node_modules/npm/node_modules/are-we-there-yet
176 silly CHANGE node_modules/npm/node_modules/ansi-regex
177 silly CHANGE node_modules/npm/node_modules/agent-base
178 silly REMOVE node_modules/npm/node_modules/abort-controller
179 timing command:install Completed in 1245ms
180 verbose exit 0
181 timing npm Completed in 1352ms
182 info ok
