0 verbose cli /home/ogsmonk/.asdf/installs/nodejs/20.11.0/bin/node /home/ogsmonk/.asdf/installs/nodejs/20.11.0/bin/npm
1 info using npm@10.2.4
2 info using node@v20.11.0
3 timing npm:load:whichnode Completed in 1ms
4 timing config:load:defaults Completed in 2ms
5 timing config:load:file:/home/ogsmonk/.asdf/installs/nodejs/20.11.0/lib/node_modules/npm/npmrc Completed in 1ms
6 timing config:load:builtin Completed in 1ms
7 timing config:load:cli Completed in 2ms
8 timing config:load:env Completed in 0ms
9 timing config:load:project Completed in 1ms
10 timing config:load:file:/home/ogsmonk/.npmrc Completed in 0ms
11 timing config:load:user Completed in 0ms
12 timing config:load:file:/home/ogsmonk/.asdf/installs/nodejs/20.11.0/etc/npmrc Completed in 1ms
13 timing config:load:global Completed in 1ms
14 timing config:load:setEnvs Completed in 0ms
15 timing config:load Completed in 7ms
16 timing npm:load:configload Completed in 7ms
17 timing config:load:flatten Completed in 2ms
18 timing npm:load:mkdirpcache Completed in 0ms
19 timing npm:load:mkdirplogs Completed in 1ms
20 verbose title npm install yarn
21 verbose argv "install" "--global" "yarn"
22 timing npm:load:setTitle Completed in 0ms
23 timing npm:load:display Completed in 0ms
24 verbose logfile logs-max:10 dir:/home/ogsmonk/.npm/_logs/2024-04-17T18_09_03_422Z-
25 verbose logfile /home/ogsmonk/.npm/_logs/2024-04-17T18_09_03_422Z-debug-0.log
26 timing npm:load:logFile Completed in 5ms
27 timing npm:load:timers Completed in 0ms
28 timing npm:load:configScope Completed in 0ms
29 timing npm:load Completed in 23ms
30 timing config:load:flatten Completed in 0ms
31 timing arborist:ctor Completed in 0ms
32 silly logfile done cleaning log files
33 timing idealTree:init Completed in 3ms
34 timing idealTree:userRequests Completed in 1ms
35 silly idealTree buildDeps
36 silly fetch manifest yarn@*
37 http fetch GET 200 https://registry.npmjs.org/yarn 340ms (cache miss)
38 silly placeDep ROOT yarn@1.22.22 OK for:  want: *
39 timing idealTree:#root Completed in 345ms
40 timing idealTree:node_modules/yarn Completed in 0ms
41 timing idealTree:buildDeps Completed in 346ms
42 timing idealTree:fixDepFlags Completed in 0ms
43 timing idealTree Completed in 351ms
44 timing reify:loadTrees Completed in 353ms
45 timing reify:diffTrees Completed in 0ms
46 silly reify moves {}
47 timing reify:retireShallow Completed in 0ms
48 timing reify:createSparse Completed in 1ms
49 timing reify:loadBundles Completed in 0ms
50 silly tarball no local data for yarn@https://registry.npmjs.org/yarn/-/yarn-1.22.22.tgz. Extracting by manifest.
51 http fetch GET 200 https://registry.npmjs.org/npm 408ms (cache miss)
52 http fetch GET 200 https://registry.npmjs.org/yarn/-/yarn-1.22.22.tgz 336ms (cache miss)
53 timing reifyNode:node_modules/yarn Completed in 341ms
54 timing reify:unpack Completed in 341ms
55 timing reify:unretire Completed in 0ms
56 timing build:queue Completed in 3ms
57 info run yarn@1.22.22 preinstall node_modules/yarn :; (node ./preinstall.js > /dev/null 2>&1 || true)
58 info run yarn@1.22.22 preinstall { code: 0, signal: null }
59 timing build:run:preinstall:node_modules/yarn Completed in 181ms
60 timing build:run:preinstall Completed in 182ms
61 timing build:link:node_modules/yarn Completed in 1ms
62 timing build:link Completed in 1ms
63 timing build:deps Completed in 186ms
64 timing build Completed in 186ms
65 timing reify:build Completed in 186ms
66 timing reify:trash Completed in 0ms
67 timing reify Completed in 915ms
68 silly ADD node_modules/yarn
69 timing command:install Completed in 918ms
70 notice
70 notice New [33mminor[39m version of npm available! [31m10.2.4[39m -> [32m10.5.2[39m
70 notice Changelog: [36mhttps://github.com/npm/cli/releases/tag/v10.5.2[39m
70 notice Run [32mnpm install -g npm@10.5.2[39m to update!
70 notice
71 verbose exit 0
72 timing npm Completed in 1031ms
73 info ok
