0 verbose cli /home/ogsmonk/.asdf/installs/nodejs/20.11.0/bin/node /home/ogsmonk/.asdf/installs/nodejs/20.11.0/bin/npm
1 info using npm@10.5.2
2 info using node@v20.11.0
3 timing npm:load:whichnode Completed in 2ms
4 timing config:load:defaults Completed in 0ms
5 timing config:load:file:/home/ogsmonk/.asdf/installs/nodejs/20.11.0/lib/node_modules/npm/npmrc Completed in 0ms
6 timing config:load:builtin Completed in 0ms
7 timing config:load:cli Completed in 1ms
8 timing config:load:env Completed in 0ms
9 timing config:load:project Completed in 2ms
10 timing config:load:file:/home/ogsmonk/.npmrc Completed in 0ms
11 timing config:load:user Completed in 0ms
12 timing config:load:file:/home/ogsmonk/.asdf/installs/nodejs/20.11.0/etc/npmrc Completed in 0ms
13 timing config:load:global Completed in 0ms
14 timing config:load:setEnvs Completed in 0ms
15 timing config:load Completed in 4ms
16 timing npm:load:configload Completed in 4ms
17 timing config:load:flatten Completed in 2ms
18 timing npm:load:mkdirpcache Completed in 0ms
19 timing npm:load:mkdirplogs Completed in 0ms
20 verbose title npm install yarn
21 verbose argv "install" "--global" "yarn"
22 timing npm:load:setTitle Completed in 1ms
23 timing npm:load:display Completed in 0ms
24 verbose logfile logs-max:10 dir:/home/ogsmonk/.npm/_logs/2024-04-17T18_10_05_634Z-
25 verbose logfile /home/ogsmonk/.npm/_logs/2024-04-17T18_10_05_634Z-debug-0.log
26 timing npm:load:logFile Completed in 1ms
27 timing npm:load:timers Completed in 0ms
28 timing npm:load:configScope Completed in 0ms
29 timing npm:load Completed in 19ms
30 timing config:load:flatten Completed in 0ms
31 timing arborist:ctor Completed in 0ms
32 silly logfile done cleaning log files
33 timing idealTree:init Completed in 3ms
34 timing idealTree:userRequests Completed in 2ms
35 silly idealTree buildDeps
36 silly fetch manifest yarn@*
37 http fetch GET 200 https://registry.npmjs.org/yarn 11ms (cache hit)
38 silly placeDep ROOT yarn@1.22.22 OK for:  want: *
39 timing idealTree:#root Completed in 19ms
40 timing idealTree:node_modules/yarn Completed in 0ms
41 timing idealTree:buildDeps Completed in 19ms
42 timing idealTree:fixDepFlags Completed in 1ms
43 timing idealTree Completed in 26ms
44 timing reify:loadTrees Completed in 29ms
45 timing reify:diffTrees Completed in 1ms
46 silly reify mark retired [
46 silly reify   '/home/ogsmonk/.asdf/installs/nodejs/20.11.0/lib/node_modules/yarn',
46 silly reify   '/home/ogsmonk/.asdf/installs/nodejs/20.11.0/bin/yarn',
46 silly reify   '/home/ogsmonk/.asdf/installs/nodejs/20.11.0/bin/yarnpkg'
46 silly reify ]
47 silly reify moves {
47 silly reify   '/home/ogsmonk/.asdf/installs/nodejs/20.11.0/lib/node_modules/yarn': '/home/ogsmonk/.asdf/installs/nodejs/20.11.0/lib/node_modules/.yarn-TeineB9F',
47 silly reify   '/home/ogsmonk/.asdf/installs/nodejs/20.11.0/bin/yarn': '/home/ogsmonk/.asdf/installs/nodejs/20.11.0/bin/.yarn-yo1T4NqS',
47 silly reify   '/home/ogsmonk/.asdf/installs/nodejs/20.11.0/bin/yarnpkg': '/home/ogsmonk/.asdf/installs/nodejs/20.11.0/bin/.yarnpkg-kC9Bio1j'
47 silly reify }
48 timing reify:retireShallow Completed in 2ms
49 timing reify:createSparse Completed in 0ms
50 timing reify:loadBundles Completed in 0ms
51 timing reifyNode:node_modules/yarn Completed in 40ms
52 timing reify:unpack Completed in 40ms
53 timing reify:unretire Completed in 0ms
54 timing build:queue Completed in 0ms
55 info run yarn@1.22.22 preinstall node_modules/yarn :; (node ./preinstall.js > /dev/null 2>&1 || true)
56 info run yarn@1.22.22 preinstall { code: 0, signal: null }
57 timing build:run:preinstall:node_modules/yarn Completed in 110ms
58 timing build:run:preinstall Completed in 110ms
59 timing build:link:node_modules/yarn Completed in 1ms
60 timing build:link Completed in 1ms
61 timing build:deps Completed in 112ms
62 timing build Completed in 112ms
63 timing reify:build Completed in 112ms
64 timing reify:trash Completed in 2ms
65 timing reify Completed in 189ms
66 silly CHANGE node_modules/yarn
67 timing command:install Completed in 192ms
68 verbose exit 0
69 timing npm Completed in 352ms
70 info ok
