0 verbose cli /home/ogsmonk/.asdf/installs/nodejs/20.11.0/bin/node /home/ogsmonk/.asdf/installs/nodejs/20.11.0/bin/npm
1 info using npm@10.5.2
2 info using node@v20.11.0
3 timing npm:load:whichnode Completed in 2ms
4 timing config:load:defaults Completed in 1ms
5 timing config:load:file:/home/ogsmonk/.asdf/installs/nodejs/20.11.0/lib/node_modules/npm/npmrc Completed in 0ms
6 timing config:load:builtin Completed in 0ms
7 timing config:load:cli Completed in 2ms
8 timing config:load:env Completed in 0ms
9 timing config:load:project Completed in 1ms
10 timing config:load:file:/home/ogsmonk/.npmrc Completed in 0ms
11 timing config:load:user Completed in 0ms
12 timing config:load:file:/home/ogsmonk/.asdf/installs/nodejs/20.11.0/etc/npmrc Completed in 1ms
13 timing config:load:global Completed in 1ms
14 timing config:load:setEnvs Completed in 0ms
15 timing config:load Completed in 5ms
16 timing npm:load:configload Completed in 5ms
17 timing config:load:flatten Completed in 2ms
18 timing npm:load:mkdirpcache Completed in 0ms
19 timing npm:load:mkdirplogs Completed in 1ms
20 verbose title npm install yarnnpm install yarn
21 verbose argv "install" "--global" "yarnnpm" "install" "--global" "yarn"
22 timing npm:load:setTitle Completed in 0ms
23 timing npm:load:display Completed in 0ms
24 verbose logfile logs-max:10 dir:/home/ogsmonk/.npm/_logs/2024-04-17T18_09_53_733Z-
25 verbose logfile /home/ogsmonk/.npm/_logs/2024-04-17T18_09_53_733Z-debug-0.log
26 timing npm:load:logFile Completed in 2ms
27 timing npm:load:timers Completed in 0ms
28 timing npm:load:configScope Completed in 0ms
29 timing npm:load Completed in 19ms
30 timing config:load:flatten Completed in 1ms
31 timing arborist:ctor Completed in 0ms
32 silly logfile done cleaning log files
33 timing idealTree:init Completed in 4ms
34 timing idealTree:userRequests Completed in 2ms
35 silly idealTree buildDeps
36 silly fetch manifest yarnnpm@*
37 http fetch GET 404 https://registry.npmjs.org/yarnnpm 769ms (cache skip)
38 silly fetch manifest install@*
39 http fetch GET 200 https://registry.npmjs.org/install 536ms (cache miss)
40 silly fetch manifest yarn@*
41 http fetch GET 200 https://registry.npmjs.org/yarn 61ms (cache miss)
42 silly placeDep ROOT install@0.13.0 OK for:  want: *
43 silly placeDep ROOT yarn@1.22.22 OK for:  want: *
44 silly placeDep ROOT yarnnpm@ OK for:  want: *
45 timing idealTree:#root Completed in 1378ms
46 timing idealTree:node_modules/install Completed in 0ms
47 timing idealTree:node_modules/yarn Completed in 0ms
48 timing idealTree:node_modules/yarnnpm Completed in 0ms
49 timing idealTree:buildDeps Completed in 1379ms
50 timing idealTree:fixDepFlags Completed in 1ms
51 timing idealTree Completed in 1386ms
52 timing command:install Completed in 1390ms
53 verbose stack HttpErrorGeneral: 404 Not Found - GET https://registry.npmjs.org/yarnnpm - Not found
53 verbose stack     at /home/ogsmonk/.asdf/installs/nodejs/20.11.0/lib/node_modules/npm/node_modules/npm-registry-fetch/lib/check-response.js:95:15
53 verbose stack     at process.processTicksAndRejections (node:internal/process/task_queues:95:5)
53 verbose stack     at async RegistryFetcher.packument (/home/ogsmonk/.asdf/installs/nodejs/20.11.0/lib/node_modules/npm/node_modules/pacote/lib/registry.js:91:19)
53 verbose stack     at async RegistryFetcher.manifest (/home/ogsmonk/.asdf/installs/nodejs/20.11.0/lib/node_modules/npm/node_modules/pacote/lib/registry.js:129:23)
53 verbose stack     at async #nodeFromEdge (/home/ogsmonk/.asdf/installs/nodejs/20.11.0/lib/node_modules/npm/node_modules/@npmcli/arborist/lib/arborist/build-ideal-tree.js:1056:19)
53 verbose stack     at async #buildDepStep (/home/ogsmonk/.asdf/installs/nodejs/20.11.0/lib/node_modules/npm/node_modules/@npmcli/arborist/lib/arborist/build-ideal-tree.js:924:11)
53 verbose stack     at async Arborist.buildIdealTree (/home/ogsmonk/.asdf/installs/nodejs/20.11.0/lib/node_modules/npm/node_modules/@npmcli/arborist/lib/arborist/build-ideal-tree.js:203:7)
53 verbose stack     at async Arborist.reify (/home/ogsmonk/.asdf/installs/nodejs/20.11.0/lib/node_modules/npm/node_modules/@npmcli/arborist/lib/arborist/reify.js:154:5)
53 verbose stack     at async Install.exec (/home/ogsmonk/.asdf/installs/nodejs/20.11.0/lib/node_modules/npm/lib/commands/install.js:153:5)
53 verbose stack     at async module.exports (/home/ogsmonk/.asdf/installs/nodejs/20.11.0/lib/node_modules/npm/lib/cli-entry.js:61:5)
54 verbose statusCode 404
55 verbose pkgid yarnnpm@*
56 verbose cwd /home/ogsmonk
57 verbose Linux 5.15.146.1-microsoft-standard-WSL2
58 verbose node v20.11.0
59 verbose npm  v10.5.2
60 error code E404
61 error 404 Not Found - GET https://registry.npmjs.org/yarnnpm - Not found
62 error 404
63 error 404  'yarnnpm@*' is not in this registry.
64 error 404
64 error 404 Note that you can also install from a
65 error 404 tarball, folder, http url, or git url.
66 verbose exit 1
67 timing npm Completed in 1557ms
68 verbose unfinished npm timer reify 1713377393900
69 verbose unfinished npm timer reify:loadTrees 1713377393901
70 verbose code 1
71 error A complete log of this run can be found in: /home/ogsmonk/.npm/_logs/2024-04-17T18_09_53_733Z-debug-0.log
